SF:lib\core\services\animation_performance_service.dart
DA:13,0
DA:17,3
DA:27,1
DA:29,1
DA:30,1
DA:31,1
DA:32,1
DA:33,1
DA:43,1
DA:45,1
DA:47,1
DA:49,1
DA:57,1
DA:60,1
DA:62,1
DA:63,0
DA:65,0
DA:66,1
DA:67,1
DA:69,4
DA:72,1
DA:73,3
DA:80,1
DA:82,1
DA:83,1
DA:86,1
DA:88,1
DA:91,1
DA:106,1
DA:108,1
DA:109,1
DA:110,2
DA:111,1
DA:112,2
DA:118,1
DA:120,1
DA:122,1
DA:127,1
DA:130,1
DA:132,1
DA:133,2
DA:134,1
DA:135,2
DA:138,2
DA:145,1
DA:147,1
DA:149,1
DA:156,0
DA:157,0
DA:161,1
DA:162,1
DA:166,1
DA:167,1
DA:168,1
DA:173,1
DA:174,2
DA:175,3
DA:176,0
DA:181,1
DA:182,2
DA:185,2
DA:186,3
DA:187,4
DA:191,1
DA:194,4
DA:198,1
DA:199,1
DA:206,1
DA:207,1
DA:210,2
DA:211,1
DA:212,1
DA:214,5
DA:219,1
DA:220,1
DA:222,1
DA:223,1
DA:224,1
DA:226,1
DA:227,1
DA:228,1
DA:229,1
DA:230,1
DA:231,1
DA:232,1
DA:237,1
DA:240,2
LF:87
LH:81
end_of_record
SF:lib\core\settings\app_settings.dart
DA:7,3
DA:11,0
DA:12,0
DA:13,0
DA:18,1
DA:19,2
DA:23,1
DA:25,2
DA:26,1
DA:36,1
DA:41,3
DA:42,2
DA:44,1
DA:48,1
DA:55,0
DA:56,0
DA:60,0
DA:61,0
DA:62,0
DA:63,0
DA:67,0
DA:69,0
DA:72,0
DA:73,0
DA:75,0
DA:78,0
DA:79,0
DA:84,1
DA:86,2
DA:87,0
DA:89,0
DA:94,0
DA:95,0
DA:96,0
DA:98,0
DA:99,0
DA:106,0
DA:107,0
DA:145,0
DA:150,1
DA:151,0
DA:155,0
DA:156,0
DA:158,0
DA:160,0
DA:167,0
DA:168,0
DA:170,0
DA:176,0
DA:177,0
DA:178,0
DA:181,0
DA:184,0
DA:187,0
DA:190,0
DA:194,0
DA:198,1
DA:199,1
DA:202,0
DA:203,0
DA:206,1
DA:207,1
DA:210,0
DA:211,0
DA:214,0
DA:215,0
DA:218,0
DA:219,0
DA:222,1
DA:223,1
DA:226,0
DA:227,0
DA:230,1
DA:231,1
DA:234,0
DA:235,0
DA:238,1
DA:239,1
DA:242,0
DA:243,0
DA:247,0
DA:248,0
DA:249,0
DA:250,0
DA:252,0
LF:85
LH:24
end_of_record
SF:lib\shared\widgets\animations\animation_performance_monitor.dart
DA:22,1
DA:62,1
DA:64,1
DA:73,1
DA:75,1
DA:76,1
DA:78,2
DA:80,1
DA:83,0
DA:87,1
DA:89,3
DA:90,3
DA:92,0
DA:94,1
DA:97,1
DA:98,3
DA:100,1
DA:101,1
DA:102,2
DA:103,1
DA:110,2
DA:113,0
DA:114,0
DA:115,0
DA:119,1
DA:120,1
DA:121,2
DA:122,2
DA:123,1
DA:124,2
DA:125,2
DA:131,1
DA:133,1
DA:134,2
DA:136,2
DA:137,1
DA:139,2
DA:141,2
DA:143,1
DA:144,2
DA:145,1
DA:147,1
DA:148,3
DA:150,2
DA:151,1
DA:152,1
DA:156,1
DA:157,2
DA:158,1
DA:159,2
DA:161,1
DA:164,1
DA:165,1
DA:166,1
DA:167,2
DA:168,1
DA:171,1
DA:172,1
DA:173,2
DA:174,1
DA:181,1
DA:182,2
DA:183,2
DA:184,1
DA:185,2
DA:186,2
DA:187,1
DA:188,1
DA:190,2
DA:191,1
DA:193,1
DA:196,1
DA:197,2
DA:199,2
DA:200,2
DA:201,2
DA:203,1
DA:204,1
DA:212,1
DA:225,1
DA:227,1
DA:228,1
DA:229,1
DA:230,1
DA:231,1
DA:232,1
DA:233,1
DA:234,1
DA:235,1
DA:240,1
DA:241,1
DA:242,1
DA:243,0
DA:244,1
DA:245,5
DA:246,1
DA:247,5
DA:248,0
DA:249,0
DA:250,0
DA:251,0
DA:252,0
DA:253,0
DA:261,1
DA:272,1
DA:273,1
DA:275,1
LF:107
LH:95
end_of_record
SF:lib\shared\widgets\animations\animation_utils.dart
DA:10,3
DA:13,1
DA:15,1
DA:16,1
DA:17,1
DA:18,2
DA:21,1
DA:22,0
DA:30,1
DA:31,1
DA:34,0
DA:37,1
DA:41,1
DA:42,1
DA:44,0
DA:47,1
DA:51,1
DA:52,1
DA:53,1
DA:57,1
DA:58,1
DA:62,0
DA:63,0
DA:66,0
DA:68,0
DA:71,0
DA:72,0
DA:77,1
DA:78,1
DA:79,1
DA:83,1
DA:84,1
DA:86,5
DA:91,1
DA:92,1
DA:93,1
DA:98,1
DA:104,1
DA:105,1
DA:107,1
DA:115,2
DA:116,1
DA:117,1
DA:118,1
DA:119,1
DA:120,1
DA:121,1
DA:129,1
DA:134,1
DA:136,1
DA:137,0
DA:142,1
DA:147,1
DA:149,0
DA:150,0
DA:154,1
DA:162,0
DA:181,0
DA:196,0
DA:197,0
DA:203,0
DA:211,0
DA:215,0
DA:216,0
DA:222,0
DA:231,0
DA:235,0
DA:236,0
DA:243,0
DA:256,0
DA:265,0
DA:266,0
DA:272,1
DA:273,1
DA:276,1
DA:277,2
DA:278,1
DA:279,1
DA:280,1
DA:285,1
DA:287,2
DA:291,0
DA:292,0
DA:293,0
DA:294,0
DA:295,0
DA:296,0
DA:297,0
DA:298,0
DA:299,0
DA:300,0
DA:301,0
DA:302,0
DA:303,0
LF:94
LH:53
end_of_record
SF:lib\shared\widgets\animations\fade_in.dart
DA:7,1
DA:24,1
DA:25,1
DA:32,1
DA:34,1
DA:36,2
DA:38,2
DA:42,2
DA:43,2
DA:44,2
DA:45,2
DA:46,1
DA:47,2
DA:51,1
DA:54,1
DA:56,1
DA:58,1
DA:59,2
DA:65,4
DA:66,0
DA:69,2
DA:70,2
DA:71,0
DA:73,0
DA:77,1
DA:79,2
DA:80,1
DA:83,1
DA:86,1
DA:87,2
DA:90,1
DA:91,1
DA:92,1
DA:93,1
DA:94,2
DA:98,2
LF:36
LH:33
end_of_record
SF:lib\shared\widgets\animations\scale_in.dart
DA:7,1
DA:26,1
DA:27,1
DA:34,1
DA:36,1
DA:38,2
DA:40,2
DA:44,2
DA:45,2
DA:46,2
DA:47,2
DA:48,1
DA:49,2
DA:53,1
DA:56,1
DA:58,1
DA:60,1
DA:61,2
DA:67,4
DA:68,0
DA:71,2
DA:72,2
DA:73,0
DA:75,0
DA:79,1
DA:81,2
DA:82,1
DA:85,1
DA:88,1
DA:89,2
DA:92,1
DA:93,1
DA:94,1
DA:95,1
DA:96,2
DA:97,2
DA:101,2
LF:37
LH:34
end_of_record
SF:lib\shared\widgets\animations\slide_in.dart
DA:19,1
DA:37,1
DA:38,1
DA:45,1
DA:47,1
DA:49,2
DA:51,2
DA:55,2
DA:56,1
DA:58,2
DA:59,1
DA:60,2
DA:64,1
DA:67,1
DA:68,2
DA:69,1
DA:70,4
DA:71,0
DA:72,0
DA:73,0
DA:74,0
DA:75,0
DA:76,0
DA:77,0
DA:78,0
DA:79,0
DA:80,0
DA:81,0
DA:82,0
DA:83,0
DA:84,0
DA:88,1
DA:90,1
DA:92,0
DA:93,0
DA:99,4
DA:100,0
DA:103,2
DA:104,2
DA:105,0
DA:107,0
DA:111,1
DA:113,2
DA:114,1
DA:117,1
DA:120,1
DA:121,0
DA:124,1
DA:125,1
DA:126,1
DA:127,1
DA:128,1
DA:129,7
DA:130,7
DA:135,2
LF:55
LH:35
end_of_record
SF:lib\shared\widgets\animations\tappable_widget.dart
DA:10,1
DA:43,1
DA:44,1
DA:53,1
DA:55,1
DA:57,2
DA:59,2
DA:63,2
DA:65,2
DA:66,2
DA:67,1
DA:68,2
DA:71,2
DA:74,2
DA:75,1
DA:76,2
DA:80,1
DA:81,2
DA:84,2
DA:87,1
DA:88,1
DA:90,2
DA:93,0
DA:94,0
DA:96,0
DA:99,1
DA:101,2
DA:102,1
DA:103,0
DA:104,0
DA:108,3
DA:109,1
DA:112,3
DA:115,0
DA:117,0
DA:118,0
DA:119,0
DA:120,0
DA:123,0
DA:126,0
DA:128,0
DA:129,0
DA:130,0
DA:131,0
DA:134,0
DA:137,1
DA:138,2
DA:141,2
DA:142,0
DA:145,1
DA:147,2
DA:148,1
DA:151,1
DA:153,2
DA:156,1
DA:157,2
DA:158,1
DA:159,1
DA:160,1
DA:161,1
DA:162,1
DA:163,2
DA:170,0
DA:171,0
DA:172,0
DA:173,0
DA:174,0
DA:175,0
DA:182,0
DA:183,0
DA:184,0
DA:185,0
DA:186,0
DA:187,0
DA:188,0
DA:189,0
DA:197,0
DA:203,2
DA:204,0
DA:205,0
DA:206,1
DA:207,3
DA:208,1
DA:211,4
DA:212,3
DA:213,1
DA:215,3
DA:216,2
DA:217,2
DA:237,0
DA:252,0
LF:91
LH:54
end_of_record
SF:lib\core\services\platform_service.dart
DA:20,3
DA:23,1
DA:24,1
DA:28,1
DA:33,1
DA:37,1
DA:41,1
DA:45,1
DA:49,0
DA:58,1
DA:59,1
DA:60,2
DA:64,0
DA:65,0
DA:66,0
DA:67,0
DA:68,0
DA:69,0
DA:73,1
DA:74,2
DA:78,0
DA:84,1
DA:86,1
DA:91,0
DA:92,0
DA:93,0
DA:95,0
DA:97,0
DA:105,0
DA:106,0
DA:107,0
DA:109,0
DA:111,0
DA:119,0
DA:120,0
DA:121,0
DA:122,0
DA:125,0
DA:126,0
DA:130,0
DA:131,0
DA:132,0
DA:136,0
DA:137,0
DA:144,0
DA:145,0
DA:146,0
DA:148,0
DA:149,0
DA:151,0
DA:152,0
DA:154,0
DA:156,0
DA:157,0
DA:166,1
DA:167,1
DA:171,0
DA:173,0
DA:178,0
DA:180,0
DA:181,0
DA:188,0
DA:195,0
DA:197,0
DA:198,0
DA:200,0
DA:202,0
DA:203,0
DA:209,0
DA:211,0
DA:212,0
DA:216,0
DA:222,0
DA:223,0
DA:224,0
DA:225,0
DA:226,0
DA:227,0
DA:228,0
DA:229,0
DA:230,0
DA:231,0
DA:232,0
DA:233,0
LF:84
LH:17
end_of_record
SF:lib\core\services\timer_management_service.dart
DA:25,1
DA:33,1
DA:38,0
DA:39,0
DA:40,0
DA:44,0
DA:45,0
DA:46,0
DA:47,0
DA:51,0
DA:52,0
DA:53,0
DA:54,0
DA:67,2
DA:69,1
DA:92,0
DA:93,0
DA:97,0
DA:100,0
DA:103,0
DA:106,0
DA:108,0
DA:109,0
DA:111,0
DA:117,0
DA:118,0
DA:120,0
DA:121,0
DA:125,0
DA:126,0
DA:127,0
DA:128,0
DA:132,1
DA:133,3
DA:134,7
DA:138,1
DA:139,2
DA:140,2
DA:141,2
DA:142,3
DA:146,0
DA:147,0
DA:148,0
DA:152,0
DA:153,0
DA:154,0
DA:158,0
DA:159,0
DA:163,0
DA:165,0
DA:170,0
DA:172,0
DA:174,0
DA:177,0
DA:178,0
DA:182,0
DA:187,0
DA:189,0
DA:192,0
DA:193,0
DA:197,0
DA:198,0
DA:202,0
DA:210,0
DA:211,0
DA:213,0
DA:215,0
DA:218,0
DA:223,0
DA:228,0
DA:232,0
DA:236,0
DA:242,0
DA:243,0
DA:246,0
DA:248,0
DA:250,0
DA:251,0
DA:253,0
DA:254,0
DA:256,0
DA:259,0
DA:260,0
DA:262,0
DA:267,0
DA:268,0
DA:269,0
DA:270,0
DA:272,0
DA:275,0
DA:276,0
DA:277,0
DA:281,0
DA:282,0
DA:283,0
DA:288,0
DA:290,0
DA:291,0
DA:293,0
DA:296,0
DA:297,0
DA:299,0
DA:301,0
DA:302,0
DA:304,0
DA:306,0
DA:307,0
DA:308,0
DA:314,0
DA:317,0
DA:318,0
DA:319,0
DA:322,0
DA:323,0
DA:324,0
DA:329,0
DA:330,0
DA:332,0
DA:336,0
DA:337,0
DA:341,0
DA:342,0
DA:343,0
DA:344,0
DA:345,0
DA:346,0
DA:347,0
DA:348,0
DA:349,0
DA:350,0
DA:351,0
DA:352,0
DA:353,0
DA:354,0
DA:355,0
DA:361,0
DA:362,0
DA:363,0
DA:364,0
DA:365,0
DA:366,0
DA:367,0
DA:368,0
LF:143
LH:12
end_of_record
